[ 50%] Built target sick_safetyscanners2_node
[100%] Built target sick_safetyscanners2_lifecycle_node
-- Install configuration: ""
-- Execute custom install script
-- Up-to-date symlink: /home/ros2/slam_ws/install/sick_safetyscanners2/share/sick_safetyscanners2//launch/sick_safetyscanners2_launch.py
-- Up-to-date symlink: /home/ros2/slam_ws/install/sick_safetyscanners2/share/sick_safetyscanners2//launch/sick_safetyscanners2_lifecycle_launch.py
-- Up-to-date symlink: /home/ros2/slam_ws/install/sick_safetyscanners2/share/ament_index/resource_index/package_run_dependencies/sick_safetyscanners2
-- Up-to-date symlink: /home/ros2/slam_ws/install/sick_safetyscanners2/share/ament_index/resource_index/parent_prefix_path/sick_safetyscanners2
-- Up-to-date symlink: /home/ros2/slam_ws/install/sick_safetyscanners2/share/sick_safetyscanners2/environment/ament_prefix_path.sh
-- Up-to-date symlink: /home/ros2/slam_ws/install/sick_safetyscanners2/share/sick_safetyscanners2/environment/ament_prefix_path.dsv
-- Up-to-date symlink: /home/ros2/slam_ws/install/sick_safetyscanners2/share/sick_safetyscanners2/environment/path.sh
-- Up-to-date symlink: /home/ros2/slam_ws/install/sick_safetyscanners2/share/sick_safetyscanners2/environment/path.dsv
-- Up-to-date symlink: /home/ros2/slam_ws/install/sick_safetyscanners2/share/sick_safetyscanners2/local_setup.bash
-- Up-to-date symlink: /home/ros2/slam_ws/install/sick_safetyscanners2/share/sick_safetyscanners2/local_setup.sh
-- Up-to-date symlink: /home/ros2/slam_ws/install/sick_safetyscanners2/share/sick_safetyscanners2/local_setup.zsh
-- Up-to-date symlink: /home/ros2/slam_ws/install/sick_safetyscanners2/share/sick_safetyscanners2/local_setup.dsv
-- Symlinking: /home/ros2/slam_ws/install/sick_safetyscanners2/share/sick_safetyscanners2/package.dsv
-- Up-to-date symlink: /home/ros2/slam_ws/install/sick_safetyscanners2/share/ament_index/resource_index/packages/sick_safetyscanners2
-- Up-to-date symlink: /home/ros2/slam_ws/install/sick_safetyscanners2/share/sick_safetyscanners2/cmake/ament_cmake_export_dependencies-extras.cmake
-- Up-to-date symlink: /home/ros2/slam_ws/install/sick_safetyscanners2/share/sick_safetyscanners2/cmake/sick_safetyscanners2Config.cmake
-- Up-to-date symlink: /home/ros2/slam_ws/install/sick_safetyscanners2/share/sick_safetyscanners2/cmake/sick_safetyscanners2Config-version.cmake
-- Up-to-date symlink: /home/ros2/slam_ws/install/sick_safetyscanners2/share/sick_safetyscanners2/package.xml
-- Up-to-date: /home/ros2/slam_ws/install/sick_safetyscanners2/lib/sick_safetyscanners2/sick_safetyscanners2_node
-- Up-to-date: /home/ros2/slam_ws/install/sick_safetyscanners2/lib/sick_safetyscanners2/sick_safetyscanners2_lifecycle_node
