[0.232s] Invoking command in '/home/ros2/slam_ws/build/sick_safetyscanners2': CMAKE_PREFIX_PATH=${CMAKE_PREFIX_PATH}:/opt/ros/foxy CONDA_PROMPT_MODIFIER=(base) /usr/bin/cmake --build /home/ros2/slam_ws/build/sick_safetyscanners2 -- -j4 -l4
[1.043s] [ 50%] Built target sick_safetyscanners2_node
[1.063s] [100%] Built target sick_safetyscanners2_lifecycle_node
[1.089s] Invoked command in '/home/ros2/slam_ws/build/sick_safetyscanners2' returned '0': CMAKE_PREFIX_PATH=${CMAKE_PREFIX_PATH}:/opt/ros/foxy CONDA_PROMPT_MODIFIER=(base) /usr/bin/cmake --build /home/ros2/slam_ws/build/sick_safetyscanners2 -- -j4 -l4
[1.206s] Invoking command in '/home/ros2/slam_ws/build/sick_safetyscanners2': CMAKE_PREFIX_PATH=${CMAKE_PREFIX_PATH}:/opt/ros/foxy CONDA_PROMPT_MODIFIER=(base) /usr/bin/cmake --install /home/ros2/slam_ws/build/sick_safetyscanners2
[1.269s] -- Install configuration: ""
[1.274s] -- Execute custom install script
[1.293s] -- Up-to-date symlink: /home/ros2/slam_ws/install/sick_safetyscanners2/share/sick_safetyscanners2//launch/sick_safetyscanners2_launch.py
[1.294s] -- Up-to-date symlink: /home/ros2/slam_ws/install/sick_safetyscanners2/share/sick_safetyscanners2//launch/sick_safetyscanners2_lifecycle_launch.py
[1.294s] -- Up-to-date symlink: /home/ros2/slam_ws/install/sick_safetyscanners2/share/ament_index/resource_index/package_run_dependencies/sick_safetyscanners2
[1.295s] -- Up-to-date symlink: /home/ros2/slam_ws/install/sick_safetyscanners2/share/ament_index/resource_index/parent_prefix_path/sick_safetyscanners2
[1.296s] -- Up-to-date symlink: /home/ros2/slam_ws/install/sick_safetyscanners2/share/sick_safetyscanners2/environment/ament_prefix_path.sh
[1.297s] -- Up-to-date symlink: /home/ros2/slam_ws/install/sick_safetyscanners2/share/sick_safetyscanners2/environment/ament_prefix_path.dsv
[1.297s] -- Up-to-date symlink: /home/ros2/slam_ws/install/sick_safetyscanners2/share/sick_safetyscanners2/environment/path.sh
[1.298s] -- Up-to-date symlink: /home/ros2/slam_ws/install/sick_safetyscanners2/share/sick_safetyscanners2/environment/path.dsv
[1.302s] -- Up-to-date symlink: /home/ros2/slam_ws/install/sick_safetyscanners2/share/sick_safetyscanners2/local_setup.bash
[1.303s] -- Up-to-date symlink: /home/ros2/slam_ws/install/sick_safetyscanners2/share/sick_safetyscanners2/local_setup.sh
[1.303s] -- Up-to-date symlink: /home/ros2/slam_ws/install/sick_safetyscanners2/share/sick_safetyscanners2/local_setup.zsh
[1.304s] -- Up-to-date symlink: /home/ros2/slam_ws/install/sick_safetyscanners2/share/sick_safetyscanners2/local_setup.dsv
[1.304s] -- Symlinking: /home/ros2/slam_ws/install/sick_safetyscanners2/share/sick_safetyscanners2/package.dsv
[1.347s] -- Up-to-date symlink: /home/ros2/slam_ws/install/sick_safetyscanners2/share/ament_index/resource_index/packages/sick_safetyscanners2
[1.348s] -- Up-to-date symlink: /home/ros2/slam_ws/install/sick_safetyscanners2/share/sick_safetyscanners2/cmake/ament_cmake_export_dependencies-extras.cmake
[1.348s] -- Up-to-date symlink: /home/ros2/slam_ws/install/sick_safetyscanners2/share/sick_safetyscanners2/cmake/sick_safetyscanners2Config.cmake
[1.348s] -- Up-to-date symlink: /home/ros2/slam_ws/install/sick_safetyscanners2/share/sick_safetyscanners2/cmake/sick_safetyscanners2Config-version.cmake
[1.348s] -- Up-to-date symlink: /home/ros2/slam_ws/install/sick_safetyscanners2/share/sick_safetyscanners2/package.xml
[1.380s] -- Up-to-date: /home/ros2/slam_ws/install/sick_safetyscanners2/lib/sick_safetyscanners2/sick_safetyscanners2_node
[1.467s] -- Up-to-date: /home/ros2/slam_ws/install/sick_safetyscanners2/lib/sick_safetyscanners2/sick_safetyscanners2_lifecycle_node
[1.471s] Invoked command in '/home/ros2/slam_ws/build/sick_safetyscanners2' returned '0': CMAKE_PREFIX_PATH=${CMAKE_PREFIX_PATH}:/opt/ros/foxy CONDA_PROMPT_MODIFIER=(base) /usr/bin/cmake --install /home/ros2/slam_ws/build/sick_safetyscanners2
