[3.910s] DEBUG:colcon:Command line arguments: ['/usr/bin/colcon', 'build', '--symlink-install']
[3.910s] DEBUG:colcon:Parsed command line arguments: Namespace(allow_overriding=[], ament_cmake_args=None, base_paths=['.'], build_base='build', catkin_cmake_args=None, catkin_skip_building_tests=False, cmake_args=None, cmake_clean_cache=False, cmake_clean_first=False, cmake_force_configure=False, cmake_target=None, cmake_target_skip_unavailable=False, continue_on_error=False, event_handlers=None, executor='parallel', ignore_user_meta=False, install_base='install', log_base=None, log_level=None, main=<bound method BuildVerb.main of <colcon_core.verb.build.BuildVerb object at 0x7f6ba8134520>>, merge_install=False, metas=['./colcon.meta'], packages_above=None, packages_above_and_dependencies=None, packages_above_depth=None, packages_end=None, packages_ignore=None, packages_ignore_regex=None, packages_select=None, packages_select_build_failed=False, packages_select_by_dep=None, packages_select_regex=None, packages_select_test_failures=False, packages_skip=None, packages_skip_build_finished=False, packages_skip_by_dep=None, packages_skip_regex=None, packages_skip_test_passed=False, packages_skip_up_to=None, packages_start=None, packages_up_to=None, packages_up_to_regex=None, parallel_workers=4, paths=None, symlink_install=True, test_result_base=None, verb_extension=<colcon_core.verb.build.BuildVerb object at 0x7f6ba8134520>, verb_name='build', verb_parser=<colcon_defaults.argument_parser.defaults.DefaultArgumentsDecorator object at 0x7f6ba8134a60>)
[5.413s] Level 1:colcon.colcon_core.package_discovery:discover_packages(colcon_meta) check parameters
[5.414s] Level 1:colcon.colcon_core.package_discovery:discover_packages(recursive) check parameters
[5.414s] Level 1:colcon.colcon_core.package_discovery:discover_packages(ignore) check parameters
[5.414s] Level 1:colcon.colcon_core.package_discovery:discover_packages(path) check parameters
[5.414s] Level 1:colcon.colcon_core.package_discovery:discover_packages(colcon_meta) discover
[5.414s] Level 1:colcon.colcon_core.package_discovery:discover_packages(recursive) discover
[5.414s] INFO:colcon.colcon_core.package_discovery:Crawling recursively for packages in '/home/ros2/slam_ws'
[5.414s] Level 1:colcon.colcon_core.package_identification:_identify(.) by extensions ['ignore', 'ignore_ament_install']
[5.414s] Level 1:colcon.colcon_core.package_identification:_identify(.) by extension 'ignore'
[5.415s] Level 1:colcon.colcon_core.package_identification:_identify(.) by extension 'ignore_ament_install'
[5.415s] Level 1:colcon.colcon_core.package_identification:_identify(.) by extensions ['colcon_pkg']
[5.415s] Level 1:colcon.colcon_core.package_identification:_identify(.) by extension 'colcon_pkg'
[5.415s] Level 1:colcon.colcon_core.package_identification:_identify(.) by extensions ['colcon_meta']
[5.415s] Level 1:colcon.colcon_core.package_identification:_identify(.) by extension 'colcon_meta'
[5.415s] Level 1:colcon.colcon_core.package_identification:_identify(.) by extensions ['ros']
[5.415s] Level 1:colcon.colcon_core.package_identification:_identify(.) by extension 'ros'
[5.596s] Level 1:colcon.colcon_core.package_identification:_identify(.) by extensions ['cmake', 'python']
[5.596s] Level 1:colcon.colcon_core.package_identification:_identify(.) by extension 'cmake'
[5.596s] Level 1:colcon.colcon_core.package_identification:_identify(.) by extension 'python'
[5.596s] Level 1:colcon.colcon_core.package_identification:_identify(.) by extensions ['python_setup_py']
[5.597s] Level 1:colcon.colcon_core.package_identification:_identify(.) by extension 'python_setup_py'
[5.597s] Level 1:colcon.colcon_core.package_identification:_identify(build) by extensions ['ignore', 'ignore_ament_install']
[5.597s] Level 1:colcon.colcon_core.package_identification:_identify(build) by extension 'ignore'
[5.597s] Level 1:colcon.colcon_core.package_identification:_identify(build) ignored
[5.597s] Level 1:colcon.colcon_core.package_identification:_identify(install) by extensions ['ignore', 'ignore_ament_install']
[5.598s] Level 1:colcon.colcon_core.package_identification:_identify(install) by extension 'ignore'
[5.598s] Level 1:colcon.colcon_core.package_identification:_identify(install) ignored
[5.598s] Level 1:colcon.colcon_core.package_identification:_identify(log) by extensions ['ignore', 'ignore_ament_install']
[5.598s] Level 1:colcon.colcon_core.package_identification:_identify(log) by extension 'ignore'
[5.599s] Level 1:colcon.colcon_core.package_identification:_identify(log) ignored
[5.599s] Level 1:colcon.colcon_core.package_identification:_identify(src) by extensions ['ignore', 'ignore_ament_install']
[5.599s] Level 1:colcon.colcon_core.package_identification:_identify(src) by extension 'ignore'
[5.599s] Level 1:colcon.colcon_core.package_identification:_identify(src) by extension 'ignore_ament_install'
[5.599s] Level 1:colcon.colcon_core.package_identification:_identify(src) by extensions ['colcon_pkg']
[5.599s] Level 1:colcon.colcon_core.package_identification:_identify(src) by extension 'colcon_pkg'
[5.599s] Level 1:colcon.colcon_core.package_identification:_identify(src) by extensions ['colcon_meta']
[5.599s] Level 1:colcon.colcon_core.package_identification:_identify(src) by extension 'colcon_meta'
[5.600s] Level 1:colcon.colcon_core.package_identification:_identify(src) by extensions ['ros']
[5.600s] Level 1:colcon.colcon_core.package_identification:_identify(src) by extension 'ros'
[5.600s] Level 1:colcon.colcon_core.package_identification:_identify(src) by extensions ['cmake', 'python']
[5.600s] Level 1:colcon.colcon_core.package_identification:_identify(src) by extension 'cmake'
[5.600s] Level 1:colcon.colcon_core.package_identification:_identify(src) by extension 'python'
[5.601s] Level 1:colcon.colcon_core.package_identification:_identify(src) by extensions ['python_setup_py']
[5.601s] Level 1:colcon.colcon_core.package_identification:_identify(src) by extension 'python_setup_py'
[5.601s] Level 1:colcon.colcon_core.package_identification:_identify(src/sick_safetyscanners2) by extensions ['ignore', 'ignore_ament_install']
[5.601s] Level 1:colcon.colcon_core.package_identification:_identify(src/sick_safetyscanners2) by extension 'ignore'
[5.601s] Level 1:colcon.colcon_core.package_identification:_identify(src/sick_safetyscanners2) by extension 'ignore_ament_install'
[5.601s] Level 1:colcon.colcon_core.package_identification:_identify(src/sick_safetyscanners2) by extensions ['colcon_pkg']
[5.601s] Level 1:colcon.colcon_core.package_identification:_identify(src/sick_safetyscanners2) by extension 'colcon_pkg'
[5.601s] Level 1:colcon.colcon_core.package_identification:_identify(src/sick_safetyscanners2) by extensions ['colcon_meta']
[5.601s] Level 1:colcon.colcon_core.package_identification:_identify(src/sick_safetyscanners2) by extension 'colcon_meta'
[5.602s] Level 1:colcon.colcon_core.package_identification:_identify(src/sick_safetyscanners2) by extensions ['ros']
[5.602s] Level 1:colcon.colcon_core.package_identification:_identify(src/sick_safetyscanners2) by extension 'ros'
[5.626s] DEBUG:colcon.colcon_core.package_identification:Package 'src/sick_safetyscanners2' with type 'ros.ament_cmake' and name 'sick_safetyscanners2'
[5.631s] Level 1:colcon.colcon_core.package_discovery:discover_packages(recursive) using defaults
[5.632s] Level 1:colcon.colcon_core.package_discovery:discover_packages(ignore) discover
[5.632s] Level 1:colcon.colcon_core.package_discovery:discover_packages(ignore) using defaults
[5.632s] Level 1:colcon.colcon_core.package_discovery:discover_packages(path) discover
[5.633s] Level 1:colcon.colcon_core.package_discovery:discover_packages(path) using defaults
[5.842s] Level 1:colcon.colcon_core.package_discovery:discover_packages(prefix_path) check parameters
[5.842s] Level 1:colcon.colcon_core.package_discovery:discover_packages(prefix_path) discover
[5.869s] DEBUG:colcon.colcon_installed_package_information.package_discovery:Found 1 installed packages in /home/ros2/slam_ws/install
[5.872s] DEBUG:colcon.colcon_installed_package_information.package_discovery:Found 288 installed packages in /opt/ros/foxy
[5.874s] Level 1:colcon.colcon_core.package_discovery:discover_packages(prefix_path) using defaults
[7.095s] Level 5:colcon.colcon_core.verb:set package 'sick_safetyscanners2' build argument 'cmake_args' from command line to 'None'
[7.095s] Level 5:colcon.colcon_core.verb:set package 'sick_safetyscanners2' build argument 'cmake_target' from command line to 'None'
[7.095s] Level 5:colcon.colcon_core.verb:set package 'sick_safetyscanners2' build argument 'cmake_target_skip_unavailable' from command line to 'False'
[7.095s] Level 5:colcon.colcon_core.verb:set package 'sick_safetyscanners2' build argument 'cmake_clean_cache' from command line to 'False'
[7.095s] Level 5:colcon.colcon_core.verb:set package 'sick_safetyscanners2' build argument 'cmake_clean_first' from command line to 'False'
[7.095s] Level 5:colcon.colcon_core.verb:set package 'sick_safetyscanners2' build argument 'cmake_force_configure' from command line to 'False'
[7.095s] Level 5:colcon.colcon_core.verb:set package 'sick_safetyscanners2' build argument 'ament_cmake_args' from command line to 'None'
[7.095s] Level 5:colcon.colcon_core.verb:set package 'sick_safetyscanners2' build argument 'catkin_cmake_args' from command line to 'None'
[7.095s] Level 5:colcon.colcon_core.verb:set package 'sick_safetyscanners2' build argument 'catkin_skip_building_tests' from command line to 'False'
[7.095s] DEBUG:colcon.colcon_core.verb:Building package 'sick_safetyscanners2' with the following arguments: {'ament_cmake_args': None, 'build_base': '/home/ros2/slam_ws/build/sick_safetyscanners2', 'catkin_cmake_args': None, 'catkin_skip_building_tests': False, 'cmake_args': None, 'cmake_clean_cache': False, 'cmake_clean_first': False, 'cmake_force_configure': False, 'cmake_target': None, 'cmake_target_skip_unavailable': False, 'install_base': '/home/ros2/slam_ws/install/sick_safetyscanners2', 'merge_install': False, 'path': '/home/ros2/slam_ws/src/sick_safetyscanners2', 'symlink_install': True, 'test_result_base': None}
[7.096s] INFO:colcon.colcon_core.executor:Executing jobs using 'parallel' executor
[7.102s] DEBUG:colcon.colcon_parallel_executor.executor.parallel:run_until_complete
[7.102s] INFO:colcon.colcon_ros.task.ament_cmake.build:Building ROS package in '/home/ros2/slam_ws/src/sick_safetyscanners2' with build type 'ament_cmake'
[7.103s] INFO:colcon.colcon_cmake.task.cmake.build:Building CMake package in '/home/ros2/slam_ws/src/sick_safetyscanners2'
[7.328s] INFO:colcon.colcon_core.plugin_system:Skipping extension 'colcon_core.shell.bat': Not used on non-Windows systems
[7.328s] INFO:colcon.colcon_core.shell:Skip shell extension 'powershell' for command environment: Not usable outside of PowerShell
[7.329s] DEBUG:colcon.colcon_core.shell:Skip shell extension 'dsv' for command environment
[7.416s] DEBUG:colcon.colcon_core.event_handler.log_command:Invoking command in '/home/ros2/slam_ws/build/sick_safetyscanners2': CMAKE_PREFIX_PATH=${CMAKE_PREFIX_PATH}:/opt/ros/foxy CONDA_PROMPT_MODIFIER=(base) /usr/bin/cmake --build /home/ros2/slam_ws/build/sick_safetyscanners2 -- -j4 -l4
[8.274s] DEBUG:colcon.colcon_core.event_handler.log_command:Invoked command in '/home/ros2/slam_ws/build/sick_safetyscanners2' returned '0': CMAKE_PREFIX_PATH=${CMAKE_PREFIX_PATH}:/opt/ros/foxy CONDA_PROMPT_MODIFIER=(base) /usr/bin/cmake --build /home/ros2/slam_ws/build/sick_safetyscanners2 -- -j4 -l4
[8.391s] DEBUG:colcon.colcon_core.event_handler.log_command:Invoking command in '/home/ros2/slam_ws/build/sick_safetyscanners2': CMAKE_PREFIX_PATH=${CMAKE_PREFIX_PATH}:/opt/ros/foxy CONDA_PROMPT_MODIFIER=(base) /usr/bin/cmake --install /home/ros2/slam_ws/build/sick_safetyscanners2
[8.654s] Level 1:colcon.colcon_core.environment:create_environment_scripts_only(sick_safetyscanners2)
[8.656s] DEBUG:colcon.colcon_core.event_handler.log_command:Invoked command in '/home/ros2/slam_ws/build/sick_safetyscanners2' returned '0': CMAKE_PREFIX_PATH=${CMAKE_PREFIX_PATH}:/opt/ros/foxy CONDA_PROMPT_MODIFIER=(base) /usr/bin/cmake --install /home/ros2/slam_ws/build/sick_safetyscanners2
[8.830s] Level 1:colcon.colcon_core.environment:checking '/home/ros2/slam_ws/install/sick_safetyscanners2' for CMake module files
[8.831s] Level 1:colcon.colcon_core.environment:checking '/home/ros2/slam_ws/install/sick_safetyscanners2' for CMake config files
[8.832s] Level 1:colcon.colcon_core.shell:create_environment_hook('sick_safetyscanners2', 'cmake_prefix_path')
[8.834s] INFO:colcon.colcon_core.shell:Creating environment hook '/home/ros2/slam_ws/install/sick_safetyscanners2/share/sick_safetyscanners2/hook/cmake_prefix_path.ps1'
[8.852s] INFO:colcon.colcon_core.shell:Creating environment descriptor '/home/ros2/slam_ws/install/sick_safetyscanners2/share/sick_safetyscanners2/hook/cmake_prefix_path.dsv'
[8.863s] INFO:colcon.colcon_core.shell:Creating environment hook '/home/ros2/slam_ws/install/sick_safetyscanners2/share/sick_safetyscanners2/hook/cmake_prefix_path.sh'
[8.866s] Level 1:colcon.colcon_core.environment:checking '/home/ros2/slam_ws/install/sick_safetyscanners2/lib'
[8.867s] Level 1:colcon.colcon_core.environment:checking '/home/ros2/slam_ws/install/sick_safetyscanners2/bin'
[8.867s] Level 1:colcon.colcon_core.environment:checking '/home/ros2/slam_ws/install/sick_safetyscanners2/lib/pkgconfig/sick_safetyscanners2.pc'
[8.867s] Level 1:colcon.colcon_core.environment:checking '/home/ros2/slam_ws/install/sick_safetyscanners2/lib/python3.8/site-packages'
[8.867s] Level 1:colcon.colcon_core.environment:checking '/home/ros2/slam_ws/install/sick_safetyscanners2/bin'
[8.869s] INFO:colcon.colcon_core.shell:Creating package script '/home/ros2/slam_ws/install/sick_safetyscanners2/share/sick_safetyscanners2/package.ps1'
[8.871s] INFO:colcon.colcon_core.shell:Creating package descriptor '/home/ros2/slam_ws/install/sick_safetyscanners2/share/sick_safetyscanners2/package.dsv'
[8.873s] INFO:colcon.colcon_core.shell:Creating package script '/home/ros2/slam_ws/install/sick_safetyscanners2/share/sick_safetyscanners2/package.sh'
[8.876s] INFO:colcon.colcon_core.shell:Creating package script '/home/ros2/slam_ws/install/sick_safetyscanners2/share/sick_safetyscanners2/package.bash'
[8.897s] INFO:colcon.colcon_core.shell:Creating package script '/home/ros2/slam_ws/install/sick_safetyscanners2/share/sick_safetyscanners2/package.zsh'
[8.972s] Level 1:colcon.colcon_core.environment:create_file_with_runtime_dependencies(/home/ros2/slam_ws/install/sick_safetyscanners2/share/colcon-core/packages/sick_safetyscanners2)
[9.047s] Level 1:colcon.colcon_core.environment:create_environment_scripts_only(sick_safetyscanners2)
[9.053s] Level 1:colcon.colcon_core.environment:checking '/home/ros2/slam_ws/install/sick_safetyscanners2' for CMake module files
[9.056s] Level 1:colcon.colcon_core.environment:checking '/home/ros2/slam_ws/install/sick_safetyscanners2' for CMake config files
[9.057s] Level 1:colcon.colcon_core.shell:create_environment_hook('sick_safetyscanners2', 'cmake_prefix_path')
[9.060s] INFO:colcon.colcon_core.shell:Creating environment hook '/home/ros2/slam_ws/install/sick_safetyscanners2/share/sick_safetyscanners2/hook/cmake_prefix_path.ps1'
[9.062s] INFO:colcon.colcon_core.shell:Creating environment descriptor '/home/ros2/slam_ws/install/sick_safetyscanners2/share/sick_safetyscanners2/hook/cmake_prefix_path.dsv'
[9.063s] INFO:colcon.colcon_core.shell:Creating environment hook '/home/ros2/slam_ws/install/sick_safetyscanners2/share/sick_safetyscanners2/hook/cmake_prefix_path.sh'
[9.064s] Level 1:colcon.colcon_core.environment:checking '/home/ros2/slam_ws/install/sick_safetyscanners2/lib'
[9.065s] Level 1:colcon.colcon_core.environment:checking '/home/ros2/slam_ws/install/sick_safetyscanners2/bin'
[9.065s] Level 1:colcon.colcon_core.environment:checking '/home/ros2/slam_ws/install/sick_safetyscanners2/lib/pkgconfig/sick_safetyscanners2.pc'
[9.065s] Level 1:colcon.colcon_core.environment:checking '/home/ros2/slam_ws/install/sick_safetyscanners2/lib/python3.8/site-packages'
[9.066s] Level 1:colcon.colcon_core.environment:checking '/home/ros2/slam_ws/install/sick_safetyscanners2/bin'
[9.070s] INFO:colcon.colcon_core.shell:Creating package script '/home/ros2/slam_ws/install/sick_safetyscanners2/share/sick_safetyscanners2/package.ps1'
[9.075s] INFO:colcon.colcon_core.shell:Creating package descriptor '/home/ros2/slam_ws/install/sick_safetyscanners2/share/sick_safetyscanners2/package.dsv'
[9.076s] INFO:colcon.colcon_core.shell:Creating package script '/home/ros2/slam_ws/install/sick_safetyscanners2/share/sick_safetyscanners2/package.sh'
[9.078s] INFO:colcon.colcon_core.shell:Creating package script '/home/ros2/slam_ws/install/sick_safetyscanners2/share/sick_safetyscanners2/package.bash'
[9.079s] INFO:colcon.colcon_core.shell:Creating package script '/home/ros2/slam_ws/install/sick_safetyscanners2/share/sick_safetyscanners2/package.zsh'
[9.080s] Level 1:colcon.colcon_core.environment:create_file_with_runtime_dependencies(/home/ros2/slam_ws/install/sick_safetyscanners2/share/colcon-core/packages/sick_safetyscanners2)
[9.081s] DEBUG:colcon.colcon_parallel_executor.executor.parallel:closing loop
[9.082s] DEBUG:colcon.colcon_parallel_executor.executor.parallel:loop closed
[9.083s] DEBUG:colcon.colcon_parallel_executor.executor.parallel:run_until_complete finished with '0'
[9.085s] DEBUG:colcon.colcon_core.event_reactor:joining thread
[9.149s] INFO:colcon.colcon_core.plugin_system:Skipping extension 'colcon_notification.desktop_notification.terminal_notifier': Not used on non-Darwin systems
[9.149s] INFO:colcon.colcon_core.plugin_system:Skipping extension 'colcon_notification.desktop_notification.win32': Not used on non-Windows systems
[9.149s] INFO:colcon.colcon_notification.desktop_notification:Sending desktop notification using 'notify2'
[9.253s] DEBUG:colcon.colcon_core.event_reactor:joined thread
[9.258s] INFO:colcon.colcon_core.shell:Creating prefix script '/home/ros2/slam_ws/install/local_setup.ps1'
[9.268s] INFO:colcon.colcon_core.shell:Creating prefix util module '/home/ros2/slam_ws/install/_local_setup_util_ps1.py'
[9.289s] INFO:colcon.colcon_core.shell:Creating prefix chain script '/home/ros2/slam_ws/install/setup.ps1'
[9.292s] INFO:colcon.colcon_core.shell:Creating prefix script '/home/ros2/slam_ws/install/local_setup.sh'
[9.294s] INFO:colcon.colcon_core.shell:Creating prefix util module '/home/ros2/slam_ws/install/_local_setup_util_sh.py'
[9.294s] INFO:colcon.colcon_core.shell:Creating prefix chain script '/home/ros2/slam_ws/install/setup.sh'
[9.297s] INFO:colcon.colcon_core.shell:Creating prefix script '/home/ros2/slam_ws/install/local_setup.bash'
[9.299s] INFO:colcon.colcon_core.shell:Creating prefix chain script '/home/ros2/slam_ws/install/setup.bash'
[9.304s] INFO:colcon.colcon_core.shell:Creating prefix script '/home/ros2/slam_ws/install/local_setup.zsh'
[9.306s] INFO:colcon.colcon_core.shell:Creating prefix chain script '/home/ros2/slam_ws/install/setup.zsh'
